minikube
type: Control Plane
host: Running
kubelet: Running
apiserver: Running
kubeconfig: Configured

Using minikube docker daemon for builds...
Skipping common_lib (no Dockerfile+app.py)
Building image lastmile/driver_service:local
#0 building with "default" instance using docker driver

#1 [internal] load build definition from Dockerfile
#1 transferring dockerfile: 512B done
#1 DONE 0.0s

#2 [internal] load metadata for docker.io/library/python:3.11-slim
#2 ...

#3 [auth] library/python:pull token for registry-1.docker.io
#3 DONE 0.0s

#2 [internal] load metadata for docker.io/library/python:3.11-slim
#2 DONE 2.2s

#4 [internal] load .dockerignore
#4 transferring context: 211B done
#4 DONE 0.0s

#5 [internal] load build context
#5 transferring context: 11.44kB done
#5 DONE 0.0s

#6 [1/8] FROM docker.io/library/python:3.11-slim@sha256:7e693abac1a4486bb03c2bf7d55b93ca483acafdf2ba4d970c48df55bfd5f2b9
#6 resolve docker.io/library/python:3.11-slim@sha256:7e693abac1a4486bb03c2bf7d55b93ca483acafdf2ba4d970c48df55bfd5f2b9 0.0s done
#6 DONE 0.0s

#7 [7/8] COPY services/driver_service /app/services/driver_service
#7 CACHED

#8 [4/8] RUN apt-get update && apt-get install -y gcc && rm -rf /var/lib/apt/lists/*
#8 CACHED

#9 [2/8] WORKDIR /app
#9 CACHED

#10 [3/8] COPY services/driver_service/requirements.txt /app/requirements.txt
#10 CACHED

#11 [5/8] RUN pip install --upgrade pip
#11 CACHED

#12 [6/8] RUN pip install -r /app/requirements.txt
#12 CACHED

#13 [8/8] COPY services/common_lib/protos_generated /app/services/common_lib/protos_generated
#13 CACHED

#14 exporting to image
#14 exporting layers done
#14 writing image sha256:91c3932a8c9d497c8629cea8c451c428b2a2cc9f645dc7517432fb524063f260 done
#14 naming to docker.io/lastmile/driver_service:local done
#14 DONE 0.0s
Building image lastmile/gateway_service:local
#0 building with "default" instance using docker driver

#1 [internal] load build definition from Dockerfile
#1 transferring dockerfile: 551B done
#1 DONE 0.0s

#2 [internal] load metadata for docker.io/library/python:3.11-slim
#2 DONE 0.3s

#3 [internal] load .dockerignore
#3 transferring context: 211B done
#3 DONE 0.0s

#4 [internal] load build context
#4 transferring context: 10.32kB done
#4 DONE 0.0s

#5 [1/8] FROM docker.io/library/python:3.11-slim@sha256:7e693abac1a4486bb03c2bf7d55b93ca483acafdf2ba4d970c48df55bfd5f2b9
#5 resolve docker.io/library/python:3.11-slim@sha256:7e693abac1a4486bb03c2bf7d55b93ca483acafdf2ba4d970c48df55bfd5f2b9 0.0s done
#5 DONE 0.0s

#6 [2/8] WORKDIR /app
#6 CACHED

#7 [6/8] RUN pip install --no-cache-dir -r /app/requirements.txt
#7 CACHED

#8 [7/8] COPY services/gateway_service /app/services/gateway_service
#8 CACHED

#9 [3/8] COPY services/gateway_service/requirements.txt /app/requirements.txt
#9 CACHED

#10 [4/8] RUN apt-get update && apt-get install -y gcc && rm -rf /var/lib/apt/lists/*
#10 CACHED

#11 [5/8] RUN pip install --upgrade pip setuptools
#11 CACHED

#12 [8/8] COPY services/common_lib/protos_generated /app/services/common_lib/protos_generated
#12 CACHED

#13 exporting to image
#13 exporting layers done
#13 writing image sha256:00d9a8c35aeb8b788bc8b83e12c5aa8c75a555449c79992520d7449843154226 done
#13 naming to docker.io/lastmile/gateway_service:local done
#13 DONE 0.0s
Skipping __init__.py (no Dockerfile+app.py)
Building image lastmile/location_service:local
#0 building with "default" instance using docker driver

#1 [internal] load build definition from Dockerfile
#1 DONE 0.0s

#1 [internal] load build definition from Dockerfile
#1 transferring dockerfile: 530B done
#1 DONE 0.0s

#2 [internal] load metadata for docker.io/library/python:3.11-slim
#2 DONE 0.3s

#3 [internal] load .dockerignore
#3 transferring context: 211B done
#3 DONE 0.0s

#4 [internal] load build context
#4 transferring context: 11.43kB done
#4 DONE 0.0s

#5 [1/8] FROM docker.io/library/python:3.11-slim@sha256:7e693abac1a4486bb03c2bf7d55b93ca483acafdf2ba4d970c48df55bfd5f2b9
#5 resolve docker.io/library/python:3.11-slim@sha256:7e693abac1a4486bb03c2bf7d55b93ca483acafdf2ba4d970c48df55bfd5f2b9 0.0s done
#5 DONE 0.0s

#6 [3/8] COPY services/location_service/requirements.txt /app/requirements.txt
#6 CACHED

#7 [6/8] RUN pip install -r /app/requirements.txt
#7 CACHED

#8 [7/8] COPY services/location_service /app/services/location_service
#8 CACHED

#9 [5/8] RUN pip install --upgrade pip
#9 CACHED

#10 [2/8] WORKDIR /app
#10 CACHED

#11 [4/8] RUN apt-get update && apt-get install -y gcc libpq-dev && rm -rf /var/lib/apt/lists/*
#11 CACHED

#12 [8/8] COPY services/common_lib/protos_generated /app/services/common_lib/protos_generated
#12 CACHED

#13 exporting to image
#13 exporting layers done
#13 writing image sha256:f58a5e560107e797dfd437d98bd4d507300c120b2556e118853b999a40878aa6 done
#13 naming to docker.io/lastmile/location_service:local done
#13 DONE 0.0s
Building image lastmile/matching_service:local
#0 building with "default" instance using docker driver

#1 [internal] load build definition from Dockerfile
#1 transferring dockerfile: 520B done
#1 DONE 0.0s

#2 [internal] load metadata for docker.io/library/python:3.11-slim
#2 DONE 0.3s

#3 [internal] load .dockerignore
#3 transferring context: 211B done
#3 DONE 0.0s

#4 [internal] load build context
#4 transferring context: 16.30kB done
#4 DONE 0.0s

#5 [1/8] FROM docker.io/library/python:3.11-slim@sha256:7e693abac1a4486bb03c2bf7d55b93ca483acafdf2ba4d970c48df55bfd5f2b9
#5 resolve docker.io/library/python:3.11-slim@sha256:7e693abac1a4486bb03c2bf7d55b93ca483acafdf2ba4d970c48df55bfd5f2b9 0.0s done
#5 DONE 0.0s

#6 [2/8] WORKDIR /app
#6 CACHED

#7 [5/8] RUN pip install --upgrade pip
#7 CACHED

#8 [4/8] RUN apt-get update && apt-get install -y gcc && rm -rf /var/lib/apt/lists/*
#8 CACHED

#9 [6/8] RUN pip install -r /app/requirements.txt
#9 CACHED

#10 [7/8] COPY services/matching_service /app/services/matching_service
#10 CACHED

#11 [3/8] COPY services/matching_service/requirements.txt /app/requirements.txt
#11 CACHED

#12 [8/8] COPY services/common_lib/protos_generated /app/services/common_lib/protos_generated
#12 CACHED

#13 exporting to image
#13 exporting layers done
#13 writing image sha256:63d2da970509dc4dd777059637934bb0cea0555b786e91e701814c390df8d9d0 done
#13 naming to docker.io/lastmile/matching_service:local done
#13 DONE 0.0s
Building image lastmile/notification_service:local
#0 building with "default" instance using docker driver

#1 [internal] load build definition from Dockerfile
#1 transferring dockerfile: 501B done
#1 DONE 0.0s

#2 [internal] load metadata for docker.io/library/python:3.11-slim
#2 DONE 0.3s

#3 [internal] load .dockerignore
#3 transferring context: 211B done
#3 DONE 0.0s

#4 [internal] load build context
#4 transferring context: 9.32kB done
#4 DONE 0.0s

#5 [1/7] FROM docker.io/library/python:3.11-slim@sha256:7e693abac1a4486bb03c2bf7d55b93ca483acafdf2ba4d970c48df55bfd5f2b9
#5 resolve docker.io/library/python:3.11-slim@sha256:7e693abac1a4486bb03c2bf7d55b93ca483acafdf2ba4d970c48df55bfd5f2b9 0.0s done
#5 DONE 0.0s

#6 [2/7] WORKDIR /app
#6 CACHED

#7 [4/7] RUN apt-get update && apt-get install -y gcc && rm -rf /var/lib/apt/lists/*
#7 CACHED

#8 [5/7] RUN pip install -r requirements.txt
#8 CACHED

#9 [3/7] COPY services/notification_service/requirements.txt /app/requirements.txt
#9 CACHED

#10 [6/7] COPY services/notification_service /app/services/notification_service
#10 CACHED

#11 [7/7] COPY services/common_lib/protos_generated /app/services/common_lib/protos_generated
#11 CACHED

#12 exporting to image
#12 exporting layers done
#12 writing image sha256:9981b1f132b53574927b287bbb312dd9823891d79bb5cac070746038936a008c done
#12 naming to docker.io/lastmile/notification_service:local done
#12 DONE 0.0s
Skipping __pycache__ (no Dockerfile+app.py)
Building image lastmile/rider_service:local
#0 building with "default" instance using docker driver

#1 [internal] load build definition from Dockerfile
#1 transferring dockerfile: 518B done
#1 DONE 0.0s

#2 [internal] load metadata for docker.io/library/python:3.11-slim
#2 DONE 0.3s

#3 [internal] load .dockerignore
#3 transferring context: 211B done
#3 DONE 0.0s

#4 [internal] load build context
#4 transferring context: 10.36kB done
#4 DONE 0.0s

#5 [1/8] FROM docker.io/library/python:3.11-slim@sha256:7e693abac1a4486bb03c2bf7d55b93ca483acafdf2ba4d970c48df55bfd5f2b9
#5 resolve docker.io/library/python:3.11-slim@sha256:7e693abac1a4486bb03c2bf7d55b93ca483acafdf2ba4d970c48df55bfd5f2b9 0.0s done
#5 DONE 0.0s

#6 [6/8] RUN pip install -r /app/requirements.txt
#6 CACHED

#7 [3/8] COPY services/rider_service/requirements.txt /app/requirements.txt
#7 CACHED

#8 [7/8] COPY services/rider_service /app/services/rider_service
#8 CACHED

#9 [2/8] WORKDIR /app
#9 CACHED

#10 [4/8] RUN apt-get update && apt-get install -y gcc libpq-dev && rm -rf /var/lib/apt/lists/*
#10 CACHED

#11 [5/8] RUN pip install --upgrade pip
#11 CACHED

#12 [8/8] COPY services/common_lib/protos_generated /app/services/common_lib/protos_generated
#12 CACHED

#13 exporting to image
#13 exporting layers done
#13 writing image sha256:689196ffdcb59e06467b99b90fc0b6411f59a985581f8fedd808ded3984d1e6e done
#13 naming to docker.io/lastmile/rider_service:local done
#13 DONE 0.0s
Building image lastmile/station_service:local
#0 building with "default" instance using docker driver

#1 [internal] load build definition from Dockerfile
#1 transferring dockerfile: 593B done
#1 DONE 0.0s

#2 [internal] load metadata for docker.io/library/python:3.11-slim
#2 DONE 0.4s

#3 [internal] load .dockerignore
#3 transferring context: 211B done
#3 DONE 0.0s

#4 [internal] load build context
#4 transferring context: 12.93kB done
#4 DONE 0.0s

#5 [1/8] FROM docker.io/library/python:3.11-slim@sha256:7e693abac1a4486bb03c2bf7d55b93ca483acafdf2ba4d970c48df55bfd5f2b9
#5 resolve docker.io/library/python:3.11-slim@sha256:7e693abac1a4486bb03c2bf7d55b93ca483acafdf2ba4d970c48df55bfd5f2b9 0.0s done
#5 DONE 0.0s

#6 [4/8] RUN apt-get update && apt-get install -y gcc libpq-dev gdal-bin proj-bin && rm -rf /var/lib/apt/lists/*
#6 CACHED

#7 [5/8] RUN pip install --upgrade pip
#7 CACHED

#8 [6/8] RUN pip install -r /app/requirements.txt
#8 CACHED

#9 [2/8] WORKDIR /app
#9 CACHED

#10 [7/8] COPY services/station_service /app/services/station_service
#10 CACHED

#11 [3/8] COPY services/station_service/requirements.txt /app/requirements.txt
#11 CACHED

#12 [8/8] COPY services/common_lib/protos_generated /app/services/common_lib/protos_generated
#12 CACHED

#13 exporting to image
#13 exporting layers done
#13 writing image sha256:c5d531c0c0bd266b3ada62ad6c62574d88deeb29f93fe4d7146aae8724908b8b done
#13 naming to docker.io/lastmile/station_service:local done
#13 DONE 0.0s
Building image lastmile/trip_service:local
#0 building with "default" instance using docker driver

#1 [internal] load build definition from Dockerfile
#1 transferring dockerfile: 514B done
#1 DONE 0.0s

#2 [internal] load metadata for docker.io/library/python:3.11-slim
#2 DONE 0.3s

#3 [internal] load .dockerignore
#3 transferring context: 211B done
#3 DONE 0.0s

#4 [internal] load build context
#4 transferring context: 14.50kB done
#4 DONE 0.0s

#5 [1/8] FROM docker.io/library/python:3.11-slim@sha256:7e693abac1a4486bb03c2bf7d55b93ca483acafdf2ba4d970c48df55bfd5f2b9
#5 resolve docker.io/library/python:3.11-slim@sha256:7e693abac1a4486bb03c2bf7d55b93ca483acafdf2ba4d970c48df55bfd5f2b9 0.0s done
#5 DONE 0.0s

#6 [7/8] COPY services/trip_service /app/services/trip_service
#6 CACHED

#7 [5/8] RUN pip install --upgrade pip
#7 CACHED

#8 [6/8] RUN pip install -r /app/requirements.txt
#8 CACHED

#9 [2/8] WORKDIR /app
#9 CACHED

#10 [3/8] COPY services/trip_service/requirements.txt /app/requirements.txt
#10 CACHED

#11 [4/8] RUN apt-get update && apt-get install -y gcc libpq-dev && rm -rf /var/lib/apt/lists/*
#11 CACHED

#12 [8/8] COPY services/common_lib/protos_generated /app/services/common_lib/protos_generated
#12 CACHED

#13 exporting to image
#13 exporting layers done
#13 writing image sha256:3a0e23e28adf2f4b44b956c065ce70fad37a0c7351dec0430939163e7dfb98bf done
#13 naming to docker.io/lastmile/trip_service:local done
#13 DONE 0.0s
Building image lastmile/user_service:local
#0 building with "default" instance using docker driver

#1 [internal] load build definition from Dockerfile
#1 transferring dockerfile: 515B done
#1 DONE 0.0s

#2 [internal] load metadata for docker.io/library/python:3.11-slim
#2 DONE 0.3s

#3 [internal] load .dockerignore
#3 transferring context: 211B done
#3 DONE 0.0s

#4 [internal] load build context
#4 transferring context: 11.06kB done
#4 DONE 0.0s

#5 [1/8] FROM docker.io/library/python:3.11-slim@sha256:7e693abac1a4486bb03c2bf7d55b93ca483acafdf2ba4d970c48df55bfd5f2b9
#5 resolve docker.io/library/python:3.11-slim@sha256:7e693abac1a4486bb03c2bf7d55b93ca483acafdf2ba4d970c48df55bfd5f2b9 0.0s done
#5 DONE 0.0s

#6 [2/8] WORKDIR /app
#6 CACHED

#7 [3/8] COPY services/user_service/requirements.txt /app/requirements.txt
#7 CACHED

#8 [5/8] RUN pip install --upgrade pip
#8 CACHED

#9 [4/8] RUN apt-get update && apt-get install -y gcc libpq-dev && rm -rf /var/lib/apt/lists/*
#9 CACHED

#10 [6/8] RUN pip install -r /app/requirements.txt
#10 CACHED

#11 [7/8] COPY services/user_service /app/services/user_service
#11 CACHED

#12 [8/8] COPY services/common_lib/protos_generated /app/services/common_lib/protos_generated
#12 CACHED

#13 exporting to image
#13 exporting layers done
#13 writing image sha256:534e72e63d86ae1901c42b79ca57f8ed8f33e662783b5e5e59ca9fa46c654696 done
#13 naming to docker.io/lastmile/user_service:local done
#13 DONE 0.0s
Building gateway image lastmile/gateway_service:local
#0 building with "default" instance using docker driver

#1 [internal] load build definition from Dockerfile
#1 transferring dockerfile: 551B done
#1 DONE 0.0s

#2 [internal] load metadata for docker.io/library/python:3.11-slim
#2 DONE 0.3s

#3 [internal] load .dockerignore
#3 transferring context: 211B done
#3 DONE 0.0s

#4 [internal] load build context
#4 transferring context: 10.32kB done
#4 DONE 0.0s

#5 [1/8] FROM docker.io/library/python:3.11-slim@sha256:7e693abac1a4486bb03c2bf7d55b93ca483acafdf2ba4d970c48df55bfd5f2b9
#5 resolve docker.io/library/python:3.11-slim@sha256:7e693abac1a4486bb03c2bf7d55b93ca483acafdf2ba4d970c48df55bfd5f2b9 0.0s done
#5 DONE 0.0s

#6 [2/8] WORKDIR /app
#6 CACHED

#7 [5/8] RUN pip install --upgrade pip setuptools
#7 CACHED

#8 [6/8] RUN pip install --no-cache-dir -r /app/requirements.txt
#8 CACHED

#9 [3/8] COPY services/gateway_service/requirements.txt /app/requirements.txt
#9 CACHED

#10 [4/8] RUN apt-get update && apt-get install -y gcc && rm -rf /var/lib/apt/lists/*
#10 CACHED

#11 [7/8] COPY services/gateway_service /app/services/gateway_service
#11 CACHED

#12 [8/8] COPY services/common_lib/protos_generated /app/services/common_lib/protos_generated
#12 CACHED

#13 exporting to image
#13 exporting layers done
#13 writing image sha256:c04f3550d63ee518d5dca17b87fb417dd401de7b708f2e088a99026acede1440 done
#13 naming to docker.io/lastmile/gateway_service:local done
#13 DONE 0.0s
namespace/lastmile unchanged
namespace/lastmile unchanged
namespace/lastmile unchanged
namespace/lastmile unchanged
namespace/lastmile unchanged
namespace/lastmile unchanged
namespace/lastmile unchanged
namespace/lastmile unchanged
namespace/lastmile unchanged
namespace/lastmile unchanged
Error from server (Invalid): error when creating "/home/niveditha/lastmile-main/infra/k8s/generated/driver_service-deployment.yaml": Deployment.apps "driver_service" is invalid: [metadata.name: Invalid value: "driver_service": a lowercase RFC 1123 subdomain must consist of lower case alphanumeric characters, '-' or '.', and must start and end with an alphanumeric character (e.g. 'example.com', regex used for validation is '[a-z0-9]([-a-z0-9]*[a-z0-9])?(\.[a-z0-9]([-a-z0-9]*[a-z0-9])?)*'), spec.template.spec.containers[0].name: Invalid value: "driver_service": a lowercase RFC 1123 label must consist of lower case alphanumeric characters or '-', and must start and end with an alphanumeric character (e.g. 'my-name',  or '123-abc', regex used for validation is '[a-z0-9]([-a-z0-9]*[a-z0-9])?')]
Error from server (BadRequest): error when creating "/home/niveditha/lastmile-main/infra/k8s/generated/driver_service-deployment.yaml": Service in version "v1" cannot be handled as a Service: json: cannot unmarshal string into Go struct field ServicePort.spec.ports.port of type int32
Error from server (Invalid): error when creating "/home/niveditha/lastmile-main/infra/k8s/generated/gateway_service-deployment.yaml": Deployment.apps "gateway_service" is invalid: [metadata.name: Invalid value: "gateway_service": a lowercase RFC 1123 subdomain must consist of lower case alphanumeric characters, '-' or '.', and must start and end with an alphanumeric character (e.g. 'example.com', regex used for validation is '[a-z0-9]([-a-z0-9]*[a-z0-9])?(\.[a-z0-9]([-a-z0-9]*[a-z0-9])?)*'), spec.template.spec.containers[0].name: Invalid value: "gateway_service": a lowercase RFC 1123 label must consist of lower case alphanumeric characters or '-', and must start and end with an alphanumeric character (e.g. 'my-name',  or '123-abc', regex used for validation is '[a-z0-9]([-a-z0-9]*[a-z0-9])?')]
Error from server (BadRequest): error when creating "/home/niveditha/lastmile-main/infra/k8s/generated/gateway_service-deployment.yaml": Service in version "v1" cannot be handled as a Service: json: cannot unmarshal string into Go struct field ServicePort.spec.ports.port of type int32
Error from server (Invalid): error when creating "/home/niveditha/lastmile-main/infra/k8s/generated/location_service-deployment.yaml": Deployment.apps "location_service" is invalid: [metadata.name: Invalid value: "location_service": a lowercase RFC 1123 subdomain must consist of lower case alphanumeric characters, '-' or '.', and must start and end with an alphanumeric character (e.g. 'example.com', regex used for validation is '[a-z0-9]([-a-z0-9]*[a-z0-9])?(\.[a-z0-9]([-a-z0-9]*[a-z0-9])?)*'), spec.template.spec.containers[0].name: Invalid value: "location_service": a lowercase RFC 1123 label must consist of lower case alphanumeric characters or '-', and must start and end with an alphanumeric character (e.g. 'my-name',  or '123-abc', regex used for validation is '[a-z0-9]([-a-z0-9]*[a-z0-9])?')]
Error from server (BadRequest): error when creating "/home/niveditha/lastmile-main/infra/k8s/generated/location_service-deployment.yaml": Service in version "v1" cannot be handled as a Service: json: cannot unmarshal string into Go struct field ServicePort.spec.ports.port of type int32
Error from server (Invalid): error when creating "/home/niveditha/lastmile-main/infra/k8s/generated/matching_service-deployment.yaml": Deployment.apps "matching_service" is invalid: [metadata.name: Invalid value: "matching_service": a lowercase RFC 1123 subdomain must consist of lower case alphanumeric characters, '-' or '.', and must start and end with an alphanumeric character (e.g. 'example.com', regex used for validation is '[a-z0-9]([-a-z0-9]*[a-z0-9])?(\.[a-z0-9]([-a-z0-9]*[a-z0-9])?)*'), spec.template.spec.containers[0].name: Invalid value: "matching_service": a lowercase RFC 1123 label must consist of lower case alphanumeric characters or '-', and must start and end with an alphanumeric character (e.g. 'my-name',  or '123-abc', regex used for validation is '[a-z0-9]([-a-z0-9]*[a-z0-9])?')]
Error from server (BadRequest): error when creating "/home/niveditha/lastmile-main/infra/k8s/generated/matching_service-deployment.yaml": Service in version "v1" cannot be handled as a Service: json: cannot unmarshal string into Go struct field ServicePort.spec.ports.port of type int32
Error from server (Invalid): error when creating "/home/niveditha/lastmile-main/infra/k8s/generated/notification_service-deployment.yaml": Deployment.apps "notification_service" is invalid: [metadata.name: Invalid value: "notification_service": a lowercase RFC 1123 subdomain must consist of lower case alphanumeric characters, '-' or '.', and must start and end with an alphanumeric character (e.g. 'example.com', regex used for validation is '[a-z0-9]([-a-z0-9]*[a-z0-9])?(\.[a-z0-9]([-a-z0-9]*[a-z0-9])?)*'), spec.template.spec.containers[0].name: Invalid value: "notification_service": a lowercase RFC 1123 label must consist of lower case alphanumeric characters or '-', and must start and end with an alphanumeric character (e.g. 'my-name',  or '123-abc', regex used for validation is '[a-z0-9]([-a-z0-9]*[a-z0-9])?')]
Error from server (BadRequest): error when creating "/home/niveditha/lastmile-main/infra/k8s/generated/notification_service-deployment.yaml": Service in version "v1" cannot be handled as a Service: json: cannot unmarshal string into Go struct field ServicePort.spec.ports.port of type int32
Error from server (Invalid): error when creating "/home/niveditha/lastmile-main/infra/k8s/generated/rider_service-deployment.yaml": Deployment.apps "rider_service" is invalid: [metadata.name: Invalid value: "rider_service": a lowercase RFC 1123 subdomain must consist of lower case alphanumeric characters, '-' or '.', and must start and end with an alphanumeric character (e.g. 'example.com', regex used for validation is '[a-z0-9]([-a-z0-9]*[a-z0-9])?(\.[a-z0-9]([-a-z0-9]*[a-z0-9])?)*'), spec.template.spec.containers[0].name: Invalid value: "rider_service": a lowercase RFC 1123 label must consist of lower case alphanumeric characters or '-', and must start and end with an alphanumeric character (e.g. 'my-name',  or '123-abc', regex used for validation is '[a-z0-9]([-a-z0-9]*[a-z0-9])?')]
Error from server (BadRequest): error when creating "/home/niveditha/lastmile-main/infra/k8s/generated/rider_service-deployment.yaml": Service in version "v1" cannot be handled as a Service: json: cannot unmarshal string into Go struct field ServicePort.spec.ports.port of type int32
Error from server (Invalid): error when creating "/home/niveditha/lastmile-main/infra/k8s/generated/station_service-deployment.yaml": Deployment.apps "station_service" is invalid: [metadata.name: Invalid value: "station_service": a lowercase RFC 1123 subdomain must consist of lower case alphanumeric characters, '-' or '.', and must start and end with an alphanumeric character (e.g. 'example.com', regex used for validation is '[a-z0-9]([-a-z0-9]*[a-z0-9])?(\.[a-z0-9]([-a-z0-9]*[a-z0-9])?)*'), spec.template.spec.containers[0].name: Invalid value: "station_service": a lowercase RFC 1123 label must consist of lower case alphanumeric characters or '-', and must start and end with an alphanumeric character (e.g. 'my-name',  or '123-abc', regex used for validation is '[a-z0-9]([-a-z0-9]*[a-z0-9])?')]
Error from server (BadRequest): error when creating "/home/niveditha/lastmile-main/infra/k8s/generated/station_service-deployment.yaml": Service in version "v1" cannot be handled as a Service: json: cannot unmarshal string into Go struct field ServicePort.spec.ports.port of type int32
Error from server (Invalid): error when creating "/home/niveditha/lastmile-main/infra/k8s/generated/trip_service-deployment.yaml": Deployment.apps "trip_service" is invalid: [metadata.name: Invalid value: "trip_service": a lowercase RFC 1123 subdomain must consist of lower case alphanumeric characters, '-' or '.', and must start and end with an alphanumeric character (e.g. 'example.com', regex used for validation is '[a-z0-9]([-a-z0-9]*[a-z0-9])?(\.[a-z0-9]([-a-z0-9]*[a-z0-9])?)*'), spec.template.spec.containers[0].name: Invalid value: "trip_service": a lowercase RFC 1123 label must consist of lower case alphanumeric characters or '-', and must start and end with an alphanumeric character (e.g. 'my-name',  or '123-abc', regex used for validation is '[a-z0-9]([-a-z0-9]*[a-z0-9])?')]
Error from server (BadRequest): error when creating "/home/niveditha/lastmile-main/infra/k8s/generated/trip_service-deployment.yaml": Service in version "v1" cannot be handled as a Service: json: cannot unmarshal string into Go struct field ServicePort.spec.ports.port of type int32
Error from server (Invalid): error when creating "/home/niveditha/lastmile-main/infra/k8s/generated/user_service-deployment.yaml": Deployment.apps "user_service" is invalid: [metadata.name: Invalid value: "user_service": a lowercase RFC 1123 subdomain must consist of lower case alphanumeric characters, '-' or '.', and must start and end with an alphanumeric character (e.g. 'example.com', regex used for validation is '[a-z0-9]([-a-z0-9]*[a-z0-9])?(\.[a-z0-9]([-a-z0-9]*[a-z0-9])?)*'), spec.template.spec.containers[0].name: Invalid value: "user_service": a lowercase RFC 1123 label must consist of lower case alphanumeric characters or '-', and must start and end with an alphanumeric character (e.g. 'my-name',  or '123-abc', regex used for validation is '[a-z0-9]([-a-z0-9]*[a-z0-9])?')]
Error from server (BadRequest): error when creating "/home/niveditha/lastmile-main/infra/k8s/generated/user_service-deployment.yaml": Service in version "v1" cannot be handled as a Service: json: cannot unmarshal string into Go struct field ServicePort.spec.ports.port of type int32
